<?xml version="1.0" encoding="UTF-8" ?>
<testsuite tests="3" failures="0" name="org.gallowgate.finplan.calc.ToolsTest" time="0.002" errors="0" skipped="0">
  <properties>
[...]
</properties>
  <testcase classname="org.gallowgate.finplan.calc.ToolsTest" name="testFactorialZero" time="0.002"/>
  <testcase classname="org.gallowgate.finplan.calc.ToolsTest" name="testFactorialPositive" time="0"/>
  <testcase classname="org.gallowgate.finplan.calc.ToolsTest" name="testFactorialNegative" time="0"/>
</testsuite>